<?xml version="1.0" encoding="UTF-8"?>
<!-- Generated by org.testng.reporters.JUnitReportReporter -->
<testsuite hostname="DESKTOP-PV9U111" name="Gen.com.mpro.NewTest" tests="2" failures="0" timestamp="19 Mar 2019 03:14:42 GMT" time="93.640" errors="0">
  <testcase name="Test_1" time="44.338" classname="Gen.com.mpro.NewTest"/>
  <testcase name="Test_1" time="49.302" classname="Gen.com.mpro.NewTest"/>
</testsuite> <!-- Gen.com.mpro.NewTest -->
