<?xml version="1.0" encoding="UTF-8"?>
<!-- Generated by org.testng.reporters.JUnitReportReporter -->
<testsuite skipped="0" hostname="DESKTOP-PV9U111" name="Gen.com.mpro.Excel.XL_By_normalTest_AllDataFromTable" tests="1" failures="0" timestamp="29 Nov 2019 10:13:45 GMT" time="0.423" errors="0">
  <testcase name="test" time="0.423" classname="Gen.com.mpro.Excel.XL_By_normalTest_AllDataFromTable"/>
</testsuite> <!-- Gen.com.mpro.Excel.XL_By_normalTest_AllDataFromTable -->
