<?xml version="1.0" encoding="UTF-8"?>
<!-- Generated by org.testng.reporters.JUnitReportReporter -->
<testsuite skipped="0" hostname="DESKTOP-PV9U111" name="Gen.com.mpro.TakeScreenShot_Example.screemmanuallytest" tests="1" failures="0" timestamp="30 Apr 2019 10:10:39 GMT" time="9.582" errors="0">
  <testcase name="test" time="9.582" classname="Gen.com.mpro.TakeScreenShot_Example.screemmanuallytest"/>
</testsuite> <!-- Gen.com.mpro.TakeScreenShot_Example.screemmanuallytest -->
