<?xml version="1.0" encoding="UTF-8"?>
<!-- Generated by org.testng.reporters.JUnitReportReporter -->
<testsuite skipped="0" hostname="DESKTOP-PV9U111" name="Gen.com.mpro.Excel.XL_By_ObjCreation" tests="1" failures="0" timestamp="30 Apr 2019 10:00:20 GMT" time="0.872" errors="0">
  <testcase name="test1" time="0.872" classname="Gen.com.mpro.Excel.XL_By_ObjCreation"/>
</testsuite> <!-- Gen.com.mpro.Excel.XL_By_ObjCreation -->
