<?xml version="1.0" encoding="UTF-8"?>
<!-- Generated by org.testng.reporters.JUnitReportReporter -->
<testsuite skipped="0" hostname="DESKTOP-PV9U111" name="Gen.com.mpro.math.abd" tests="1" failures="0" timestamp="30 Apr 2019 09:56:21 GMT" time="0.007" errors="0">
  <testcase name="f" time="0.007" classname="Gen.com.mpro.math.abd"/>
</testsuite> <!-- Gen.com.mpro.math.abd -->
