<?xml version="1.0" encoding="UTF-8"?>
<!-- Generated by org.testng.reporters.JUnitReportReporter -->
<testsuite skipped="3" hostname="DESKTOP-PV9U111" name="Gen.com.mpro.pattern.starPrint" tests="4" failures="0" timestamp="24 Dec 2019 13:00:52 GMT" time="0.008" errors="0">
  <testcase name="PrimeNumber" time="0.008" classname="Gen.com.mpro.pattern.starPrint"/>
  <testcase name="FindLargeer" classname="Gen.com.mpro.pattern.starPrint">
    <skipped/>
  </testcase> <!-- FindLargeer -->
  <testcase name="alternet" classname="Gen.com.mpro.pattern.starPrint">
    <skipped/>
  </testcase> <!-- alternet -->
  <testcase name="alternet1" classname="Gen.com.mpro.pattern.starPrint">
    <skipped/>
  </testcase> <!-- alternet1 -->
</testsuite> <!-- Gen.com.mpro.pattern.starPrint -->
