<?xml version="1.0" encoding="UTF-8"?>
<!-- Generated by org.testng.reporters.JUnitReportReporter -->
<testsuite skipped="13" hostname="DESKTOP-PV9U111" name="Gen.com.mpro.all_Functionsers.all_Simple_Feature" tests="16" failures="0" timestamp="14 Jan 2020 05:58:49 GMT" time="1.011" errors="1">
  <testcase name="proportiesFile" time="0.002" classname="Gen.com.mpro.all_Functionsers.all_Simple_Feature"/>
  <testcase name="Quit" time="1.004" classname="Gen.com.mpro.all_Functionsers.all_Simple_Feature">
    <error type="java.lang.NullPointerException">
      <![CDATA[java.lang.NullPointerException
at Gen.com.mpro.all_Functionsers.all_Simple_Feature.Quit(all_Simple_Feature.java:77)
at sun.reflect.NativeMethodAccessorImpl.invoke0(Native Method)
at sun.reflect.NativeMethodAccessorImpl.invoke(NativeMethodAccessorImpl.java:62)
at sun.reflect.DelegatingMethodAccessorImpl.invoke(DelegatingMethodAccessorImpl.java:43)
at java.lang.reflect.Method.invoke(Method.java:498)
at org.testng.internal.MethodInvocationHelper.invokeMethod(MethodInvocationHelper.java:124)
at org.testng.internal.MethodInvocationHelper.invokeMethodConsideringTimeout(MethodInvocationHelper.java:59)
at org.testng.internal.Invoker.invokeConfigurationMethod(Invoker.java:458)
at org.testng.internal.Invoker.invokeConfigurations(Invoker.java:222)
at org.testng.internal.Invoker.invokeConfigurations(Invoker.java:142)
at org.testng.TestRunner.afterRun(TestRunner.java:725)
at org.testng.TestRunner.run(TestRunner.java:509)
at org.testng.SuiteRunner.runTest(SuiteRunner.java:455)
at org.testng.SuiteRunner.runSequentially(SuiteRunner.java:450)
at org.testng.SuiteRunner.privateRun(SuiteRunner.java:415)
at org.testng.SuiteRunner.run(SuiteRunner.java:364)
at org.testng.SuiteRunnerWorker.runSuite(SuiteRunnerWorker.java:52)
at org.testng.SuiteRunnerWorker.run(SuiteRunnerWorker.java:84)
at org.testng.TestNG.runSuitesSequentially(TestNG.java:1208)
at org.testng.TestNG.runSuitesLocally(TestNG.java:1137)
at org.testng.TestNG.runSuites(TestNG.java:1049)
at org.testng.TestNG.run(TestNG.java:1017)
at org.testng.remote.AbstractRemoteTestNG.run(AbstractRemoteTestNG.java:115)
at org.testng.remote.RemoteTestNG.initAndRun(RemoteTestNG.java:251)
at org.testng.remote.RemoteTestNG.main(RemoteTestNG.java:77)
]]>
    </error>
  </testcase> <!-- Quit -->
  <testcase name="Popup_Upload" time="0.005" classname="Gen.com.mpro.all_Functionsers.all_Simple_Feature"/>
  <testcase name="dragAndDropByRobotClass" classname="Gen.com.mpro.all_Functionsers.all_Simple_Feature">
    <skipped/>
  </testcase> <!-- dragAndDropByRobotClass -->
  <testcase name="dropDown" classname="Gen.com.mpro.all_Functionsers.all_Simple_Feature">
    <skipped/>
  </testcase> <!-- dropDown -->
  <testcase name="Popup_Download" classname="Gen.com.mpro.all_Functionsers.all_Simple_Feature">
    <skipped/>
  </testcase> <!-- Popup_Download -->
  <testcase name="Popup_Alert" classname="Gen.com.mpro.all_Functionsers.all_Simple_Feature">
    <skipped/>
  </testcase> <!-- Popup_Alert -->
  <testcase name="ProportyFile" classname="Gen.com.mpro.all_Functionsers.all_Simple_Feature">
    <skipped/>
  </testcase> <!-- ProportyFile -->
  <testcase name="splitString" classname="Gen.com.mpro.all_Functionsers.all_Simple_Feature">
    <skipped/>
  </testcase> <!-- splitString -->
  <testcase name="dragAndDrop" classname="Gen.com.mpro.all_Functionsers.all_Simple_Feature">
    <skipped/>
  </testcase> <!-- dragAndDrop -->
  <testcase name="scroll" classname="Gen.com.mpro.all_Functionsers.all_Simple_Feature">
    <skipped/>
  </testcase> <!-- scroll -->
  <testcase name="mouseOver" classname="Gen.com.mpro.all_Functionsers.all_Simple_Feature">
    <skipped/>
  </testcase> <!-- mouseOver -->
  <testcase name="rightClick" classname="Gen.com.mpro.all_Functionsers.all_Simple_Feature">
    <skipped/>
  </testcase> <!-- rightClick -->
  <testcase name="doubleClick" classname="Gen.com.mpro.all_Functionsers.all_Simple_Feature">
    <skipped/>
  </testcase> <!-- doubleClick -->
  <testcase name="checkBox" classname="Gen.com.mpro.all_Functionsers.all_Simple_Feature">
    <skipped/>
  </testcase> <!-- checkBox -->
  <testcase name="newWindowPopup" classname="Gen.com.mpro.all_Functionsers.all_Simple_Feature">
    <skipped/>
  </testcase> <!-- newWindowPopup -->
</testsuite> <!-- Gen.com.mpro.all_Functionsers.all_Simple_Feature -->
