<?xml version="1.0" encoding="UTF-8"?>
<!-- Generated by org.testng.reporters.JUnitReportReporter -->
<testsuite skipped="9" hostname="DESKTOP-PV9U111" name="Gen.com.mpro.Excel.others.all_Simple_Feature" tests="11" failures="0" timestamp="04 Dec 2019 18:40:57 GMT" time="1.018" errors="1">
  <testcase name="double11Click" time="0.017" classname="Gen.com.mpro.Excel.others.all_Simple_Feature"/>
  <testcase name="Quit" time="1.001" classname="Gen.com.mpro.Excel.others.all_Simple_Feature">
    <error type="java.lang.NullPointerException">
      <![CDATA[java.lang.NullPointerException
at Gen.com.mpro.Excel.others.all_Simple_Feature.Quit(all_Simple_Feature.java:67)
at sun.reflect.NativeMethodAccessorImpl.invoke0(Native Method)
at sun.reflect.NativeMethodAccessorImpl.invoke(NativeMethodAccessorImpl.java:62)
at sun.reflect.DelegatingMethodAccessorImpl.invoke(DelegatingMethodAccessorImpl.java:43)
at java.lang.reflect.Method.invoke(Method.java:498)
at org.testng.internal.MethodInvocationHelper.invokeMethod(MethodInvocationHelper.java:124)
at org.testng.internal.MethodInvocationHelper.invokeMethodConsideringTimeout(MethodInvocationHelper.java:59)
at org.testng.internal.Invoker.invokeConfigurationMethod(Invoker.java:458)
at org.testng.internal.Invoker.invokeConfigurations(Invoker.java:222)
at org.testng.internal.Invoker.invokeMethod(Invoker.java:646)
at org.testng.internal.Invoker.invokeTestMethod(Invoker.java:719)
at org.testng.internal.Invoker.invokeTestMethods(Invoker.java:989)
at org.testng.internal.TestMethodWorker.invokeTestMethods(TestMethodWorker.java:125)
at org.testng.internal.TestMethodWorker.run(TestMethodWorker.java:109)
at org.testng.TestRunner.privateRun(TestRunner.java:648)
at org.testng.TestRunner.run(TestRunner.java:505)
at org.testng.SuiteRunner.runTest(SuiteRunner.java:455)
at org.testng.SuiteRunner.runSequentially(SuiteRunner.java:450)
at org.testng.SuiteRunner.privateRun(SuiteRunner.java:415)
at org.testng.SuiteRunner.run(SuiteRunner.java:364)
at org.testng.SuiteRunnerWorker.runSuite(SuiteRunnerWorker.java:52)
at org.testng.SuiteRunnerWorker.run(SuiteRunnerWorker.java:84)
at org.testng.TestNG.runSuitesSequentially(TestNG.java:1208)
at org.testng.TestNG.runSuitesLocally(TestNG.java:1137)
at org.testng.TestNG.runSuites(TestNG.java:1049)
at org.testng.TestNG.run(TestNG.java:1017)
at org.testng.remote.AbstractRemoteTestNG.run(AbstractRemoteTestNG.java:115)
at org.testng.remote.RemoteTestNG.initAndRun(RemoteTestNG.java:251)
at org.testng.remote.RemoteTestNG.main(RemoteTestNG.java:77)
]]>
    </error>
  </testcase> <!-- Quit -->
  <testcase name="scroll" classname="Gen.com.mpro.Excel.others.all_Simple_Feature">
    <skipped/>
  </testcase> <!-- scroll -->
  <testcase name="newWindowPopup" classname="Gen.com.mpro.Excel.others.all_Simple_Feature">
    <skipped/>
  </testcase> <!-- newWindowPopup -->
  <testcase name="doubleClick" classname="Gen.com.mpro.Excel.others.all_Simple_Feature">
    <skipped/>
  </testcase> <!-- doubleClick -->
  <testcase name="dradAndDrop" classname="Gen.com.mpro.Excel.others.all_Simple_Feature">
    <skipped/>
  </testcase> <!-- dradAndDrop -->
  <testcase name="checkBox" classname="Gen.com.mpro.Excel.others.all_Simple_Feature">
    <skipped/>
  </testcase> <!-- checkBox -->
  <testcase name="rightClick" classname="Gen.com.mpro.Excel.others.all_Simple_Feature">
    <skipped/>
  </testcase> <!-- rightClick -->
  <testcase name="ProportyFile" classname="Gen.com.mpro.Excel.others.all_Simple_Feature">
    <skipped/>
  </testcase> <!-- ProportyFile -->
  <testcase name="dradAndDropByRobotClass" classname="Gen.com.mpro.Excel.others.all_Simple_Feature">
    <skipped/>
  </testcase> <!-- dradAndDropByRobotClass -->
  <testcase name="dropDown" classname="Gen.com.mpro.Excel.others.all_Simple_Feature">
    <skipped/>
  </testcase> <!-- dropDown -->
</testsuite> <!-- Gen.com.mpro.Excel.others.all_Simple_Feature -->
