<?xml version="1.0" encoding="UTF-8"?>
<!-- Generated by org.testng.reporters.JUnitReportReporter -->
<testsuite skipped="0" hostname="DESKTOP-PV9U111" name="Gen.com.mpro.Excel.XL_By_normalTest" tests="1" failures="0" timestamp="21 Mar 2019 18:20:59 GMT" time="0.844" errors="0">
  <testcase name="test" time="0.844" classname="Gen.com.mpro.Excel.XL_By_normalTest"/>
</testsuite> <!-- Gen.com.mpro.Excel.XL_By_normalTest -->
