<?xml version="1.0" encoding="UTF-8"?>
<!-- Generated by org.testng.reporters.JUnitReportReporter -->
<testsuite skipped="0" hostname="DESKTOP-PV9U111" name="Gen.com.mpro.TestngDemo.A2" tests="2" failures="0" timestamp="03 Feb 2020 15:33:49 GMT" time="0.012" errors="0">
  <testcase name="A2_m1" time="0.010" classname="Gen.com.mpro.TestngDemo.A2"/>
  <testcase name="A2_m2" time="0.002" classname="Gen.com.mpro.TestngDemo.A2"/>
</testsuite> <!-- Gen.com.mpro.TestngDemo.A2 -->
